c:\users\roy\source\repos\300\300\_graphics\x64\debug\vc143.pdb
c:\users\roy\source\repos\300\300\_graphics\x64\debug\vc143.idb
c:\users\roy\source\repos\300\300\_graphics\x64\debug\window.obj
c:\users\roy\source\repos\300\300\_graphics\x64\debug\vbo.obj
c:\users\roy\source\repos\300\300\_graphics\x64\debug\vao.obj
c:\users\roy\source\repos\300\300\_graphics\x64\debug\shapes.obj
c:\users\roy\source\repos\300\300\_graphics\x64\debug\shader.obj
c:\users\roy\source\repos\300\300\_graphics\x64\debug\random.obj
c:\users\roy\source\repos\300\300\_graphics\x64\debug\opengl.obj
c:\users\roy\source\repos\300\300\_graphics\x64\debug\math.obj
c:\users\roy\source\repos\300\300\_graphics\x64\debug\debugrenderer.obj
c:\users\roy\source\repos\300\300\_graphics\x64\debug\camera.obj
c:\users\roy\source\repos\300\300\_graphics\x64\debug\main.obj
c:\users\roy\source\repos\300\300\_graphics\x64\debug\imgui.obj
c:\users\roy\source\repos\300\300\_graphics\x64\debug\demoscene.obj
c:\users\roy\source\repos\300\300\_graphics\x64\debug\imgui_stdlib.obj
c:\users\roy\source\repos\300\300\_graphics\x64\debug\imgui_widgets.obj
c:\users\roy\source\repos\300\300\_graphics\x64\debug\imgui_tables.obj
c:\users\roy\source\repos\300\300\_graphics\x64\debug\imgui_draw.obj
c:\users\roy\source\repos\300\300\_graphics\x64\debug\imgui_demo.obj
c:\users\roy\source\repos\300\300\_graphics\x64\debug\imgui_impl_opengl3.obj
c:\users\roy\source\repos\300\300\_graphics\x64\debug\imgui_impl_glfw.obj
c:\users\roy\source\repos\300\300\_graphics\x64\debug\_graphics.ilk
c:\users\roy\source\repos\300\300\x64\debug\_graphics.exe
c:\users\roy\source\repos\300\300\x64\debug\_graphics.pdb
c:\users\roy\source\repos\300\300\_graphics\x64\debug\_graphics.tlog\cl.command.1.tlog
c:\users\roy\source\repos\300\300\_graphics\x64\debug\_graphics.tlog\cl.read.1.tlog
c:\users\roy\source\repos\300\300\_graphics\x64\debug\_graphics.tlog\cl.write.1.tlog
c:\users\roy\source\repos\300\300\_graphics\x64\debug\_graphics.tlog\link.command.1.tlog
c:\users\roy\source\repos\300\300\_graphics\x64\debug\_graphics.tlog\link.read.1.tlog
c:\users\roy\source\repos\300\300\_graphics\x64\debug\_graphics.tlog\link.write.1.tlog
