  Geom_Compiler.cpp
F:\300\300\_GEOM_COMPILER\src\Geom_Compiler.cpp(534,33): warning C4244: '=': conversion from 'const T' to 'T', possible loss of data
          with
          [
              T=int
          ]
          and
          [
              T=float
          ]
F:\300\300\_GEOM_COMPILER\src\Geom_Compiler.cpp(535,33): warning C4244: '=': conversion from 'const T' to 'T', possible loss of data
          with
          [
              T=int
          ]
          and
          [
              T=float
          ]
F:\300\300\_GEOM_COMPILER\src\Geom_Compiler.cpp(536,33): warning C4244: '=': conversion from 'const T' to 'T', possible loss of data
          with
          [
              T=int
          ]
          and
          [
              T=float
          ]
  _GEOM_COMPILER.vcxproj -> F:\300\300\x64\Debug\_GEOM_COMPILER.exe
          1 file(s) copied.
          1 file(s) copied.
