c:\users\charissa.yip\documents\github\300\300\x64\debug\_geom_compiler.pdb
c:\users\charissa.yip\documents\github\300\300\x64\debug\_geom_compiler.idb
c:\users\charissa.yip\documents\github\300\300\_geom_compiler\x64\debug\geom_compiler.obj
c:\users\charissa.yip\documents\github\300\300\_geom_compiler\x64\debug\geom.obj
c:\users\charissa.yip\documents\github\300\300\_geom_compiler\x64\debug\descriptor.obj
c:\users\charissa.yip\documents\github\300\300\_geom_compiler\x64\debug\bone.obj
c:\users\charissa.yip\documents\github\300\300\_geom_compiler\x64\debug\animation.obj
c:\users\charissa.yip\documents\github\300\300\_geom_compiler\x64\debug\vfetchoptimizer.obj
c:\users\charissa.yip\documents\github\300\300\_geom_compiler\x64\debug\vfetchanalyzer.obj
c:\users\charissa.yip\documents\github\300\300\_geom_compiler\x64\debug\vertexfilter.obj
c:\users\charissa.yip\documents\github\300\300\_geom_compiler\x64\debug\vertexcodec.obj
c:\users\charissa.yip\documents\github\300\300\_geom_compiler\x64\debug\vcacheoptimizer.obj
c:\users\charissa.yip\documents\github\300\300\_geom_compiler\x64\debug\vcacheanalyzer.obj
c:\users\charissa.yip\documents\github\300\300\_geom_compiler\x64\debug\stripifier.obj
c:\users\charissa.yip\documents\github\300\300\_geom_compiler\x64\debug\spatialorder.obj
c:\users\charissa.yip\documents\github\300\300\_geom_compiler\x64\debug\simplifier.obj
c:\users\charissa.yip\documents\github\300\300\_geom_compiler\x64\debug\overdrawoptimizer.obj
c:\users\charissa.yip\documents\github\300\300\_geom_compiler\x64\debug\overdrawanalyzer.obj
c:\users\charissa.yip\documents\github\300\300\_geom_compiler\x64\debug\indexgenerator.obj
c:\users\charissa.yip\documents\github\300\300\_geom_compiler\x64\debug\indexcodec.obj
c:\users\charissa.yip\documents\github\300\300\_geom_compiler\x64\debug\clusterizer.obj
c:\users\charissa.yip\documents\github\300\300\_geom_compiler\x64\debug\allocator.obj
c:\users\charissa.yip\documents\github\300\300\_geom_compiler\x64\debug\_compiler_main.obj
c:\users\charissa.yip\documents\github\300\300\_geom_compiler\x64\debug\helper.obj
c:\users\charissa.yip\documents\github\300\300\x64\debug\_geom_compiler.lib
c:\users\charissa.yip\documents\github\300\300\_geom_compiler\x64\debug\_geom_compiler.tlog\cl.command.1.tlog
c:\users\charissa.yip\documents\github\300\300\_geom_compiler\x64\debug\_geom_compiler.tlog\cl.items.tlog
c:\users\charissa.yip\documents\github\300\300\_geom_compiler\x64\debug\_geom_compiler.tlog\cl.read.1.tlog
c:\users\charissa.yip\documents\github\300\300\_geom_compiler\x64\debug\_geom_compiler.tlog\cl.write.1.tlog
c:\users\charissa.yip\documents\github\300\300\_geom_compiler\x64\debug\_geom_compiler.tlog\lib-link.read.1.tlog
c:\users\charissa.yip\documents\github\300\300\_geom_compiler\x64\debug\_geom_compiler.tlog\lib-link.write.1.tlog
c:\users\charissa.yip\documents\github\300\300\_geom_compiler\x64\debug\_geom_compiler.tlog\lib.command.1.tlog
